<?xml version="1.0" encoding="UTF-8"?>
<!-- Generated by org.testng.reporters.JUnitXMLReporter -->
<testsuite ignored="0" hostname="N12663" failures="1" tests="3" name="Command line test" time="42.6" errors="0" timestamp="2021-09-04T16:23:48 AST">
  <testcase classname="Tests" name="@AfterClass quiet" time="4.075">
    <failure type="org.openqa.selenium.WebDriverException" message="chrome not reachable
  (Session info: chrome=92.0.4515.159)
Build info: version: &amp;apos;3.141.59&amp;apos;, revision: &amp;apos;e82be7d358&amp;apos;, time: &amp;apos;2018-11-14T08:17:03&amp;apos;
System info: host: &amp;apos;N12663&amp;apos;, ip: &amp;apos;172.27.208.1&amp;apos;, os.name: &amp;apos;Windows 10&amp;apos;, os.arch: &amp;apos;amd64&amp;apos;, os.version: &amp;apos;10.0&amp;apos;, java.version: &amp;apos;15.0.2&amp;apos;
Driver info: org.openqa.selenium.chrome.ChromeDriver
Capabilities {acceptInsecureCerts: true, browserName: chrome, browserVersion: 92.0.4515.159, chrome: {chromedriverVersion: 92.0.4515.107 (87a818b10553..., userDataDir: C:\Users\MALKAM~1\AppData\L...}, goog:chromeOptions: {debuggerAddress: localhost:49157}, javascriptEnabled: true, networkConnectionEnabled: false, pageLoadStrategy: normal, platform: WINDOWS, platformName: WINDOWS, proxy: Proxy(), setWindowRect: true, strictFileInteractability: false, timeouts: {implicit: 0, pageLoad: 300000, script: 30000}, unhandledPromptBehavior: dismiss and notify, webauthn:extension:credBlob: true, webauthn:extension:largeBlob: true, webauthn:virtualAuthenticators: true}
Session ID: 1a1e673b6d41f50a83b181054c6d2c6e">
      <![CDATA[org.openqa.selenium.WebDriverException: chrome not reachable
  (Session info: chrome=92.0.4515.159)
Build info: version: '3.141.59', revision: 'e82be7d358', time: '2018-11-14T08:17:03'
System info: host: 'N12663', ip: '172.27.208.1', os.name: 'Windows 10', os.arch: 'amd64', os.version: '10.0', java.version: '15.0.2'
Driver info: org.openqa.selenium.chrome.ChromeDriver
Capabilities {acceptInsecureCerts: true, browserName: chrome, browserVersion: 92.0.4515.159, chrome: {chromedriverVersion: 92.0.4515.107 (87a818b10553..., userDataDir: C:\Users\MALKAM~1\AppData\L...}, goog:chromeOptions: {debuggerAddress: localhost:49157}, javascriptEnabled: true, networkConnectionEnabled: false, pageLoadStrategy: normal, platform: WINDOWS, platformName: WINDOWS, proxy: Proxy(), setWindowRect: true, strictFileInteractability: false, timeouts: {implicit: 0, pageLoad: 300000, script: 30000}, unhandledPromptBehavior: dismiss and notify, webauthn:extension:credBlob: true, webauthn:extension:largeBlob: true, webauthn:virtualAuthenticators: true}
Session ID: 1a1e673b6d41f50a83b181054c6d2c6e
at org.openqa.selenium.remote.http.W3CHttpResponseCodec.createException(W3CHttpResponseCodec.java:187)
at org.openqa.selenium.remote.http.W3CHttpResponseCodec.decode(W3CHttpResponseCodec.java:122)
at org.openqa.selenium.remote.http.W3CHttpResponseCodec.decode(W3CHttpResponseCodec.java:49)
at org.openqa.selenium.remote.HttpCommandExecutor.execute(HttpCommandExecutor.java:158)
at org.openqa.selenium.remote.service.DriverCommandExecutor.execute(DriverCommandExecutor.java:83)
at org.openqa.selenium.remote.RemoteWebDriver.execute(RemoteWebDriver.java:552)
at org.openqa.selenium.remote.RemoteWebDriver.execute(RemoteWebDriver.java:609)
at org.openqa.selenium.remote.RemoteWebDriver.close(RemoteWebDriver.java:442)
at com.codeborne.selenide.impl.WebDriverThreadLocalContainer.closeWindow(WebDriverThreadLocalContainer.java:181)
at com.codeborne.selenide.WebDriverRunner.closeWindow(WebDriverRunner.java:143)
at com.codeborne.selenide.Selenide.closeWindow(Selenide.java:190)
at Tests.quiet(Tests.java:68)
at java.base/java.util.ArrayList.forEach(ArrayList.java:1511)
... Removed 39 stack frames]]>
    </failure>
  </testcase> <!-- @AfterClass quiet -->
  <testcase classname="Tests" name="searchValidationViaAPI" time="4.79"/>
  <testcase classname="Tests" name="searchValidationViaPage" time="12.547"/>
  <testcase classname="Tests" name="loginValidation" time="21.079">
    <failure type="com.codeborne.selenide.ex.ElementNotFound" message="Element not found {By.xpath: //*[@id=&amp;quot;loginId&amp;quot;]}
Expected: visible or transparent: visible or have css value opacity=0
Page source: file:/D:/Interviews/bonify/code/Bonify-Test/test-results/reports/screenshots/1630761824866.0.html
Timeout: 20 s.
Caused by: NoSuchWindowException: no such window: target window already closed">
      <![CDATA[Element not found {By.xpath: //*[@id="loginId"]}
Expected: visible or transparent: visible or have css value opacity=0
Page source: file:/D:/Interviews/bonify/code/Bonify-Test/test-results/reports/screenshots/1630761824866.0.html
Timeout: 20 s.
Caused by: NoSuchWindowException: no such window: target window already closed
at com.codeborne.selenide.impl.WebElementSource.createElementNotFoundError(WebElementSource.java:83)
at com.codeborne.selenide.impl.ElementFinder.createElementNotFoundError(ElementFinder.java:130)
at com.codeborne.selenide.impl.WebElementSource.checkCondition(WebElementSource.java:114)
at com.codeborne.selenide.impl.WebElementSource.findAndAssertElementIsInteractable(WebElementSource.java:139)
at com.codeborne.selenide.commands.SetValue.execute(SetValue.java:36)
at com.codeborne.selenide.commands.SetValue.execute(SetValue.java:17)
at com.codeborne.selenide.commands.Commands.execute(Commands.java:155)
at com.codeborne.selenide.impl.SelenideElementProxy.dispatchAndRetry(SelenideElementProxy.java:133)
at com.codeborne.selenide.impl.SelenideElementProxy.invoke(SelenideElementProxy.java:85)
at com.sun.proxy.$Proxy6.setValue(Unknown Source)
at pages.UserDashBoardPage.loginUser(UserDashBoardPage.java:22)
at Tests.loginValidation(Tests.java:60)
at java.base/java.util.ArrayList.forEach(ArrayList.java:1511)
Caused by: org.openqa.selenium.NoSuchWindowException: no such window: target window already closed
from unknown error: web view not found
  (Session info: chrome=92.0.4515.159)
Build info: version: '3.141.59', revision: 'e82be7d358', time: '2018-11-14T08:17:03'
System info: host: 'N12663', ip: '172.27.208.1', os.name: 'Windows 10', os.arch: 'amd64', os.version: '10.0', java.version: '15.0.2'
Driver info: org.openqa.selenium.chrome.ChromeDriver
Capabilities {acceptInsecureCerts: true, browserName: chrome, browserVersion: 92.0.4515.159, chrome: {chromedriverVersion: 92.0.4515.107 (87a818b10553..., userDataDir: C:\Users\MALKAM~1\AppData\L...}, goog:chromeOptions: {debuggerAddress: localhost:49157}, javascriptEnabled: true, networkConnectionEnabled: false, pageLoadStrategy: normal, platform: WINDOWS, platformName: WINDOWS, proxy: Proxy(), setWindowRect: true, strictFileInteractability: false, timeouts: {implicit: 0, pageLoad: 300000, script: 30000}, unhandledPromptBehavior: dismiss and notify, webauthn:extension:credBlob: true, webauthn:extension:largeBlob: true, webauthn:virtualAuthenticators: true}
Session ID: 1a1e673b6d41f50a83b181054c6d2c6e
*** Element info: {Using=xpath, value=//*[@id="loginId"]}
at org.openqa.selenium.remote.http.W3CHttpResponseCodec.createException(W3CHttpResponseCodec.java:187)
at org.openqa.selenium.remote.http.W3CHttpResponseCodec.decode(W3CHttpResponseCodec.java:122)
at org.openqa.selenium.remote.http.W3CHttpResponseCodec.decode(W3CHttpResponseCodec.java:49)
at org.openqa.selenium.remote.HttpCommandExecutor.execute(HttpCommandExecutor.java:158)
at org.openqa.selenium.remote.service.DriverCommandExecutor.execute(DriverCommandExecutor.java:83)
at org.openqa.selenium.remote.RemoteWebDriver.execute(RemoteWebDriver.java:552)
at org.openqa.selenium.remote.RemoteWebDriver.findElement(RemoteWebDriver.java:323)
at org.openqa.selenium.remote.RemoteWebDriver.findElementByXPath(RemoteWebDriver.java:428)
at org.openqa.selenium.By$ByXPath.findElement(By.java:353)
at org.openqa.selenium.remote.RemoteWebDriver.findElement(RemoteWebDriver.java:315)
at com.codeborne.selenide.impl.WebElementSelector.findElement(WebElementSelector.java:59)
at com.codeborne.selenide.impl.WebElementSelector.findElement(WebElementSelector.java:34)
at com.codeborne.selenide.impl.ElementFinder.getWebElement(ElementFinder.java:103)
at com.codeborne.selenide.impl.WebElementSource.checkCondition(WebElementSource.java:99)
... 46 more
... Removed 40 stack frames]]>
    </failure>
  </testcase> <!-- loginValidation -->
</testsuite> <!-- Command line test -->
